# JRE version: OpenJDK Runtime Environment Microsoft-8035246 (17.0.8+7) (build 17.0.8+7-LTS)
# Java VM: OpenJDK 64-Bit Server VM Microsoft-8035246 (17.0.8+7-LTS, mixed mode, sharing, tiered, compressed oops, compressed class ptrs, g1 gc, windows-amd64)
GC Precious Log:
 CPUs: 16 total, 16 available
 Memory: 23800M
 Large Page Support: Disabled
 NUMA Support: Disabled
 Compressed Oops: Enabled (32-bit)
 Heap Region Size: 1M
 Heap Min Capacity: 8M
 Heap Initial Capacity: 372M
 Heap Max Capacity: 2G
 Pre-touch: Disabled
 Parallel Workers: 13
 Concurrent Workers: 3
 Concurrent Refinement Workers: 13
 Periodic GC: Disabled
Heap:
 garbage-first heap   total 261120K, used 207683K [0x0000000080000000, 0x0000000100000000)
  region size 1024K, 29 young (29696K), 3 survivors (3072K)
 Metaspace       used 99511K, committed 100544K, reserved 557056K
  class space    used 14002K, committed 14464K, reserved 425984K
GC Heap History (20 events):
Event: 15.928 GC heap before
{Heap before GC invocations=26 (full 0):
 garbage-first heap   total 225280K, used 143640K [0x0000000080000000, 0x0000000100000000)
  region size 1024K, 11 young (11264K), 6 survivors (6144K)
 Metaspace       used 88762K, committed 89728K, reserved 557056K
  class space    used 12488K, committed 12928K, reserved 425984K
}
Event: 15.930 GC heap after
{Heap after GC invocations=27 (full 0):
 garbage-first heap   total 225280K, used 140061K [0x0000000080000000, 0x0000000100000000)
  region size 1024K, 2 young (2048K), 2 survivors (2048K)
 Metaspace       used 88762K, committed 89728K, reserved 557056K
  class space    used 12488K, committed 12928K, reserved 425984K
}
Event: 16.343 GC heap before
{Heap before GC invocations=27 (full 0):
 garbage-first heap   total 225280K, used 179997K [0x0000000080000000, 0x0000000100000000)
  region size 1024K, 40 young (40960K), 2 survivors (2048K)
 Metaspace       used 89476K, committed 90368K, reserved 557056K
  class space    used 12574K, committed 12992K, reserved 425984K
}
Event: 16.346 GC heap after
{Heap after GC invocations=28 (full 0):
 garbage-first heap   total 225280K, used 148767K [0x0000000080000000, 0x0000000100000000)
  region size 1024K, 5 young (5120K), 5 survivors (5120K)
 Metaspace       used 89476K, committed 90368K, reserved 557056K
  class space    used 12574K, committed 12992K, reserved 425984K
}
Event: 16.663 GC heap before
{Heap before GC invocations=29 (full 0):
 garbage-first heap   total 261120K, used 181535K [0x0000000080000000, 0x0000000100000000)
  region size 1024K, 37 young (37888K), 5 survivors (5120K)
 Metaspace       used 91985K, committed 92928K, reserved 557056K
  class space    used 12970K, committed 13376K, reserved 425984K
}
Event: 16.666 GC heap after
{Heap after GC invocations=30 (full 0):
 garbage-first heap   total 261120K, used 150877K [0x0000000080000000, 0x0000000100000000)
  region size 1024K, 2 young (2048K), 2 survivors (2048K)
 Metaspace       used 91985K, committed 92928K, reserved 557056K
  class space    used 12970K, committed 13376K, reserved 425984K
}
Event: 16.801 GC heap before
{Heap before GC invocations=30 (full 0):
 garbage-first heap   total 261120K, used 161117K [0x0000000080000000, 0x0000000100000000)
  region size 1024K, 12 young (12288K), 2 survivors (2048K)
 Metaspace       used 92762K, committed 93760K, reserved 557056K
  class space    used 13082K, committed 13568K, reserved 425984K
}
Event: 16.803 GC heap after
{Heap after GC invocations=31 (full 0):
 garbage-first heap   total 261120K, used 150429K [0x0000000080000000, 0x0000000100000000)
  region size 1024K, 1 young (1024K), 1 survivors (1024K)
 Metaspace       used 92762K, committed 93760K, reserved 557056K
  class space    used 13082K, committed 13568K, reserved 425984K
}
Event: 17.375 GC heap before
{Heap before GC invocations=31 (full 0):
 garbage-first heap   total 261120K, used 202653K [0x0000000080000000, 0x0000000100000000)
  region size 1024K, 52 young (53248K), 1 survivors (1024K)
 Metaspace       used 96335K, committed 97344K, reserved 557056K
  class space    used 13508K, committed 14016K, reserved 425984K
}
Event: 17.378 GC heap after
{Heap after GC invocations=32 (full 0):
 garbage-first heap   total 261120K, used 154854K [0x0000000080000000, 0x0000000100000000)
  region size 1024K, 6 young (6144K), 6 survivors (6144K)
 Metaspace       used 96335K, committed 97344K, reserved 557056K
  class space    used 13508K, committed 14016K, reserved 425984K
}
Event: 17.945 GC heap before
{Heap before GC invocations=32 (full 0):
 garbage-first heap   total 261120K, used 206054K [0x0000000080000000, 0x0000000100000000)
  region size 1024K, 56 young (57344K), 6 survivors (6144K)
 Metaspace       used 97210K, committed 98176K, reserved 557056K
  class space    used 13598K, committed 14080K, reserved 425984K
}
Event: 17.950 GC heap after
{Heap after GC invocations=33 (full 0):
 garbage-first heap   total 261120K, used 160143K [0x0000000080000000, 0x0000000100000000)
  region size 1024K, 6 young (6144K), 6 survivors (6144K)
 Metaspace       used 97210K, committed 98176K, reserved 557056K
  class space    used 13598K, committed 14080K, reserved 425984K
}
Event: 18.382 GC heap before
{Heap before GC invocations=33 (full 0):
 garbage-first heap   total 261120K, used 209295K [0x0000000080000000, 0x0000000100000000)
  region size 1024K, 55 young (56320K), 6 survivors (6144K)
 Metaspace       used 98654K, committed 99776K, reserved 557056K
  class space    used 13936K, committed 14464K, reserved 425984K
}
Event: 18.388 GC heap after
{Heap after GC invocations=34 (full 0):
 garbage-first heap   total 261120K, used 165619K [0x0000000080000000, 0x0000000100000000)
  region size 1024K, 6 young (6144K), 6 survivors (6144K)
 Metaspace       used 98654K, committed 99776K, reserved 557056K
  class space    used 13936K, committed 14464K, reserved 425984K
}
Event: 18.723 GC heap before
{Heap before GC invocations=34 (full 0):
 garbage-first heap   total 261120K, used 212723K [0x0000000080000000, 0x0000000100000000)
  region size 1024K, 53 young (54272K), 6 survivors (6144K)
 Metaspace       used 99220K, committed 100224K, reserved 557056K
  class space    used 13997K, committed 14464K, reserved 425984K
}
Event: 18.726 GC heap after
{Heap after GC invocations=35 (full 0):
 garbage-first heap   total 261120K, used 167583K [0x0000000080000000, 0x0000000100000000)
  region size 1024K, 3 young (3072K), 3 survivors (3072K)
 Metaspace       used 99220K, committed 100224K, reserved 557056K
  class space    used 13997K, committed 14464K, reserved 425984K
}
Event: 18.861 GC heap before
{Heap before GC invocations=35 (full 0):
 garbage-first heap   total 261120K, used 214687K [0x0000000080000000, 0x0000000100000000)
  region size 1024K, 50 young (51200K), 3 survivors (3072K)
 Metaspace       used 99326K, committed 100352K, reserved 557056K
  class space    used 13997K, committed 14464K, reserved 425984K
}
Event: 18.865 GC heap after
{Heap after GC invocations=36 (full 0):
 garbage-first heap   total 261120K, used 172389K [0x0000000080000000, 0x0000000100000000)
  region size 1024K, 7 young (7168K), 7 survivors (7168K)
 Metaspace       used 99326K, committed 100352K, reserved 557056K
  class space    used 13997K, committed 14464K, reserved 425984K
}
Event: 19.236 GC heap before
{Heap before GC invocations=36 (full 0):
 garbage-first heap   total 261120K, used 217445K [0x0000000080000000, 0x0000000100000000)
  region size 1024K, 52 young (53248K), 7 survivors (7168K)
 Metaspace       used 99337K, committed 100352K, reserved 557056K
  class space    used 13998K, committed 14464K, reserved 425984K
}
Event: 19.239 GC heap after
{Heap after GC invocations=37 (full 0):
 garbage-first heap   total 261120K, used 174915K [0x0000000080000000, 0x0000000100000000)
  region size 1024K, 3 young (3072K), 3 survivors (3072K)
 Metaspace       used 99337K, committed 100352K, reserved 557056K
  class space    used 13998K, committed 14464K, reserved 425984K
}

